<?xml version="1.0" encoding="UTF-8"?>
<persistence version="2.0" xmlns="http://java.sun.com/xml/ns/persistence"
             xmlns:xsi="http://www.w3.org/2001/XMLSchema-instance"
             xsi:schemaLocation="
        http://java.sun.com/xml/ns/persistence
        http://java.sun.com/xml/ns/persistence/persistence_2_0.xsd">
    <persistence-unit name="test">
        <provider>org.hibernate.ejb.HibernatePersistence</provider>
        <jta-data-source>jdbc/arquillian</jta-data-source>
        <properties>
            <property name="hibernate.show_sql" value="true"/>
            <property name="hibernate.jdbc.batch_size" value="30"/>
            <property name="hibernate.ejb.naming_strategy" value="org.hibernate.cfg.DefaultComponentSafeNamingStrategy"/>
            <property name="hibernate.dialect" value="org.hibernate.dialect.DerbyTenSevenDialect"/>
            <property name="hibernate.hbm2ddl.auto" value="create-drop"/>
        </properties>
    </persistence-unit>
</persistence>